<?xml version="1.0" encoding="UTF-8"?>
<testng-results ignored="0" total="1" passed="1" failed="0" skipped="0">
  <reporter-output>
  </reporter-output>
  <suite started-at="2023-07-22T22:56:12 IST" name="Default suite" finished-at="2023-07-22T22:56:21 IST" duration-ms="9071">
    <groups>
    </groups>
    <test started-at="2023-07-22T22:56:12 IST" name="Default test" finished-at="2023-07-22T22:56:21 IST" duration-ms="9071">
      <class name="SeleniumTutorialDemo.WebpageDemo">
        <test-method signature="web()[pri:0, instance:SeleniumTutorialDemo.WebpageDemo@5403f35f]" started-at="2023-07-22T22:56:12 IST" name="web" finished-at="2023-07-22T22:56:21 IST" duration-ms="9040" status="PASS">
          <reporter-output>
          </reporter-output>
        </test-method> <!-- web -->
      </class> <!-- SeleniumTutorialDemo.WebpageDemo -->
    </test> <!-- Default test -->
  </suite> <!-- Default suite -->
</testng-results>
